<?xml version="1.0" encoding="UTF-8"?>
<!-- Generated by org.testng.reporters.JUnitXMLReporter -->
<testsuite ignored="7" hostname="GBLNB-PG034KGC" failures="0" tests="0" time="0.029" errors="0" timestamp="2022-11-17T15:14:40 IST">
  <testcase classname="com.galaxe.TestCase.TC001_GET_AllEmployees" name="checkCookies" time="0.0">
    <ignored/>
  </testcase> <!-- checkCookies -->
  <testcase classname="com.galaxe.TestCase.TC001_GET_AllEmployees" name="checkResponseTime" time="0.0">
    <ignored/>
  </testcase> <!-- checkResponseTime -->
  <testcase classname="com.galaxe.TestCase.TC001_GET_AllEmployees" name="checkServerType" time="0.0">
    <ignored/>
  </testcase> <!-- checkServerType -->
  <testcase classname="com.galaxe.TestCase.TC001_GET_AllEmployees" name="checkStatusLine" time="0.0">
    <ignored/>
  </testcase> <!-- checkStatusLine -->
  <testcase classname="com.galaxe.TestCase.TC001_GET_AllEmployees" name="checkContentEncoding" time="0.0">
    <ignored/>
  </testcase> <!-- checkContentEncoding -->
  <testcase classname="com.galaxe.TestCase.TC001_GET_AllEmployees" name="checkStatusCode" time="0.0">
    <ignored/>
  </testcase> <!-- checkStatusCode -->
  <testcase classname="com.galaxe.TestCase.TC001_GET_AllEmployees" name="checkContentType" time="0.0">
    <ignored/>
  </testcase> <!-- checkContentType -->
</testsuite>
