<?xml version="1.0" encoding="UTF-8"?>
<!-- Generated by org.testng.reporters.JUnitXMLReporter -->
<testsuite ignored="0" hostname="GBLNB-PG034KGC" failures="2" tests="25" name="EmployeeRestAPITest" time="117.69" errors="0" timestamp="2022-11-17T13:03:13 IST">
  <testcase classname="com.galaxe.TestCase.TC001_GET_AllEmployees" name="checkContentEncoding" time="3.018"/>
  <testcase classname="com.galaxe.TestCase.TC001_GET_AllEmployees" name="checkContentType" time="3.011"/>
  <testcase classname="com.galaxe.TestCase.TC001_GET_AllEmployees" name="checkCookies" time="3.01"/>
  <testcase classname="com.galaxe.TestCase.TC001_GET_AllEmployees" name="checkResponseTime" time="3.014"/>
  <testcase classname="com.galaxe.TestCase.TC001_GET_AllEmployees" name="checkServerType" time="3.014"/>
  <testcase classname="com.galaxe.TestCase.TC001_GET_AllEmployees" name="checkStatusCode" time="0.02">
    <failure type="java.lang.AssertionError" message="expected [300] but found [200]">
      <![CDATA[java.lang.AssertionError: expected [300] but found [200]
at com.galaxe.TestCase.TC001_GET_AllEmployees.checkStatusCode(TC001_GET_AllEmployees.java:40)
at java.base/java.util.ArrayList.forEach(ArrayList.java:1511)
... Removed 33 stack frames]]>
    </failure>
  </testcase> <!-- checkStatusCode -->
  <testcase classname="com.galaxe.TestCase.TC001_GET_AllEmployees" name="checkStatusLine" time="3.009"/>
  <testcase classname="com.galaxe.TestCase.TC002_Get_Single_Employee" name="checkContentType" time="3.021"/>
  <testcase classname="com.galaxe.TestCase.TC002_Get_Single_Employee" name="checkResponseBody" time="3.02"/>
  <testcase classname="com.galaxe.TestCase.TC002_Get_Single_Employee" name="checkResponseTime" time="3.01"/>
  <testcase classname="com.galaxe.TestCase.TC002_Get_Single_Employee" name="checkServerType" time="3.019"/>
  <testcase classname="com.galaxe.TestCase.TC002_Get_Single_Employee" name="checkStatusCode" time="0.003">
    <failure type="java.lang.AssertionError" message="expected [600] but found [200]">
      <![CDATA[java.lang.AssertionError: expected [600] but found [200]
at com.galaxe.TestCase.TC002_Get_Single_Employee.checkStatusCode(TC002_Get_Single_Employee.java:38)
at java.base/java.util.ArrayList.forEach(ArrayList.java:1511)
... Removed 33 stack frames]]>
    </failure>
  </testcase> <!-- checkStatusCode -->
  <testcase classname="com.galaxe.TestCase.TC002_Get_Single_Employee" name="checkStatusLine" time="3.01"/>
  <testcase classname="com.galaxe.TestCase.TC003_POST_Employee_Record" name="checkResponseBody" time="3.008"/>
  <testcase classname="com.galaxe.TestCase.TC003_POST_Employee_Record" name="checkServerType" time="3.011"/>
  <testcase classname="com.galaxe.TestCase.TC003_POST_Employee_Record" name="checkStatusCode" time="3.015"/>
  <testcase classname="com.galaxe.TestCase.TC003_POST_Employee_Record" name="checkStatusLine" time="3.009"/>
  <testcase classname="com.galaxe.TestCase.TC004_PUT_EmployeeRecord" name="checkContentType" time="3.008"/>
  <testcase classname="com.galaxe.TestCase.TC004_PUT_EmployeeRecord" name="checkResponseBody" time="3.009"/>
  <testcase classname="com.galaxe.TestCase.TC004_PUT_EmployeeRecord" name="checkServerType" time="3.009"/>
  <testcase classname="com.galaxe.TestCase.TC004_PUT_EmployeeRecord" name="checkStatusCode" time="3.014"/>
  <testcase classname="com.galaxe.TestCase.TC004_PUT_EmployeeRecord" name="checkStatusLine" time="3.015"/>
  <testcase classname="com.galaxe.TestCase.TC005_DELETE_Employee_Record" name="checkServerType" time="3.005"/>
  <testcase classname="com.galaxe.TestCase.TC005_DELETE_Employee_Record" name="checkStatusCode" time="3.006"/>
  <testcase classname="com.galaxe.TestCase.TC005_DELETE_Employee_Record" name="checkStatusLine" time="3.006"/>
</testsuite> <!-- EmployeeRestAPITest -->
